Performing C++ SOURCE FILE Test HAVE_SINGLE_PARAMETER_SETNAME_NP failed with the following output:
Change Dir: /home/karma/Desktop/Retele/Project/Testing/CMakeFiles/CMakeTmp

Run Build Command(s):/usr/bin/gmake -f Makefile cmTC_59867/fast && /usr/bin/gmake  -f CMakeFiles/cmTC_59867.dir/build.make CMakeFiles/cmTC_59867.dir/build
gmake[1]: Entering directory '/home/karma/Desktop/Retele/Project/Testing/CMakeFiles/CMakeTmp'
Building CXX object CMakeFiles/cmTC_59867.dir/src.cxx.o
/usr/bin/c++ -DHAVE_SINGLE_PARAMETER_SETNAME_NP   -o CMakeFiles/cmTC_59867.dir/src.cxx.o -c /home/karma/Desktop/Retele/Project/Testing/CMakeFiles/CMakeTmp/src.cxx
/home/karma/Desktop/Retele/Project/Testing/CMakeFiles/CMakeTmp/src.cxx: In function ‘int main()’:
/home/karma/Desktop/Retele/Project/Testing/CMakeFiles/CMakeTmp/src.cxx:4:36: error: invalid conversion from ‘const char*’ to ‘pthread_t’ {aka ‘long unsigned int’} [-fpermissive]
    4 |                 pthread_setname_np("ThreadName");
      |                                    ^~~~~~~~~~~~
      |                                    |
      |                                    const char*
/home/karma/Desktop/Retele/Project/Testing/CMakeFiles/CMakeTmp/src.cxx:4:35: error: too few arguments to function ‘int pthread_setname_np(pthread_t, const char*)’
    4 |                 pthread_setname_np("ThreadName");
      |                 ~~~~~~~~~~~~~~~~~~^~~~~~~~~~~~~~
In file included from /usr/include/x86_64-linux-gnu/c++/11/bits/gthr-default.h:35,
                 from /usr/include/x86_64-linux-gnu/c++/11/bits/gthr.h:148,
                 from /usr/include/c++/11/bits/std_thread.h:47,
                 from /usr/include/c++/11/thread:43,
                 from /home/karma/Desktop/Retele/Project/Testing/CMakeFiles/CMakeTmp/src.cxx:2:
/usr/include/pthread.h:463:12: note: declared here
  463 | extern int pthread_setname_np (pthread_t __target_thread, const char *__name)
      |            ^~~~~~~~~~~~~~~~~~
gmake[1]: *** [CMakeFiles/cmTC_59867.dir/build.make:78: CMakeFiles/cmTC_59867.dir/src.cxx.o] Error 1
gmake[1]: Leaving directory '/home/karma/Desktop/Retele/Project/Testing/CMakeFiles/CMakeTmp'
gmake: *** [Makefile:127: cmTC_59867/fast] Error 2


Source file was:

	#include <thread>
	int main() {
		pthread_setname_np("ThreadName");
		return 0;
	}
Performing C++ SOURCE FILE Test AVX512 failed with the following compile output:
Change Dir: /home/karma/Desktop/Retele/Project/Testing/CMakeFiles/CMakeTmp

Run Build Command(s):/usr/bin/gmake -f Makefile cmTC_0dfd9/fast && /usr/bin/gmake  -f CMakeFiles/cmTC_0dfd9.dir/build.make CMakeFiles/cmTC_0dfd9.dir/build
gmake[1]: Entering directory '/home/karma/Desktop/Retele/Project/Testing/CMakeFiles/CMakeTmp'
Building CXX object CMakeFiles/cmTC_0dfd9.dir/src.cxx.o
/usr/bin/c++ -DAVX512  -mavx512f -o CMakeFiles/cmTC_0dfd9.dir/src.cxx.o -c /home/karma/Desktop/Retele/Project/Testing/CMakeFiles/CMakeTmp/src.cxx
/home/karma/Desktop/Retele/Project/Testing/CMakeFiles/CMakeTmp/src.cxx: In function ‘int main()’:
/home/karma/Desktop/Retele/Project/Testing/CMakeFiles/CMakeTmp/src.cxx:6:38: error: ‘_mm512i’ does not name a type; did you mean ‘__m512i’?
    6 |             int32_t result[16];const _mm512i& value{};_mm512_store_si512(result, value);
      |                                      ^~~~~~~
      |                                      __m512i
/home/karma/Desktop/Retele/Project/Testing/CMakeFiles/CMakeTmp/src.cxx:6:82: error: ‘value’ was not declared in this scope
    6 |             int32_t result[16];const _mm512i& value{};_mm512_store_si512(result, value);
      |                                                                                  ^~~~~
gmake[1]: *** [CMakeFiles/cmTC_0dfd9.dir/build.make:78: CMakeFiles/cmTC_0dfd9.dir/src.cxx.o] Error 1
gmake[1]: Leaving directory '/home/karma/Desktop/Retele/Project/Testing/CMakeFiles/CMakeTmp'
gmake: *** [Makefile:127: cmTC_0dfd9/fast] Error 2


...and run output:

Return value: 1
Source file was:

        #include <immintrin.h>
        #include <stdint.h>
        int main()
        {
            int32_t result[16];const _mm512i& value{};_mm512_store_si512(result, value);
            return 0;
        }
    
